0 info it worked if it ends with ok
1 verbose cli [ 'node', '/home/ubuntu/.nvm/v0.10.28/bin/npm', 'start' ]
2 info using npm@2.0.2
3 info using node@v0.10.28
4 verbose run-script [ 'prestart', 'start', 'poststart' ]
5 info prestart stlviewnode@0.0.1
6 info start stlviewnode@0.0.1
7 verbose unsafe-perm in lifecycle true
8 info stlviewnode@0.0.1 Failed to exec start script
9 verbose stack Error: stlviewnode@0.0.1 start: `node ./bin/www`
9 verbose stack Exit status 8
9 verbose stack     at ChildProcess.<anonymous> (/home/ubuntu/.nvm/v0.10.28/lib/node_modules/npm/lib/utils/lifecycle.js:212:16)
9 verbose stack     at ChildProcess.EventEmitter.emit (events.js:98:17)
9 verbose stack     at maybeClose (child_process.js:753:16)
9 verbose stack     at Process.ChildProcess._handle.onexit (child_process.js:820:5)
10 verbose pkgid stlviewnode@0.0.1
11 verbose cwd /home/ubuntu/workspace/stlviewnode
12 error Linux 3.14.12-c9
13 error argv "node" "/home/ubuntu/.nvm/v0.10.28/bin/npm" "start"
14 error node v0.10.28
15 error npm  v2.0.2
16 error code ELIFECYCLE
17 error stlviewnode@0.0.1 start: `node ./bin/www`
17 error Exit status 8
18 error Failed at the stlviewnode@0.0.1 start script.
18 error This is most likely a problem with the stlviewnode package,
18 error not with npm itself.
18 error Tell the author that this fails on your system:
18 error     node ./bin/www
18 error You can get their info via:
18 error     npm owner ls stlviewnode
18 error There is likely additional logging output above.
19 verbose exit [ 1, true ]
